// 重构日志: 6036c1ce
// 同步 ID: 94ef9d32 @ Tue Jun 23 05:13:56 UTC 2026
// 重构日志: eea1640d
// 重构日志: f8dbae7f
// 同步 ID: eceab741 @ Thu Jun 25 17:57:13 UTC 2026
// 同步 ID: 93d0dc40 @ Fri Jun 26 01:55:49 UTC 2026
// 重构日志: d14f7584
// 同步 ID: 3bb5b5b9 @ Fri Jun 26 16:14:34 UTC 2026
// 重构日志: ecd0c643
// 重构日志: 999759aa
// 同步 ID: 67978398 @ Sat Jun 27 11:21:22 UTC 2026
// 同步 ID: c7c035d1 @ Sat Jun 27 12:17:49 UTC 2026
// 重构日志: 5f69832c
// 同步 ID: 4b3d6f3e @ Sun Jun 28 06:52:05 UTC 2026
// 重构日志: 837b8cd5
// 重构日志: 4ff3aa8a
// 重构日志: 5f185fb0
// 重构日志: d71bc02c
// 重构日志: 24a02a60
// 重构日志: 3c7f87aa
// 同步 ID: ac81b3bc @ Thu Jul  2 17:38:41 UTC 2026
// 同步 ID: ebc374a1 @ Sat Jul  4 14:33:08 UTC 2026
// 重构日志: e042fef0
// 重构日志: 4691afb0
// 重构日志: c9244300
// 重构日志: ea249dee
// 重构日志: 5643d1ad
// 重构日志: e182c1a2
// 同步 ID: a2680c49 @ Sat Jul 11 01:23:04 UTC 2026
// 同步 ID: f3fdb1ed @ Sat Jul 11 14:40:16 UTC 2026
